<?xml version="1.0" encoding="UTF-8"?>
<testsuite name="a4.PostfixTest" tests="7" skipped="0" failures="0" errors="0" timestamp="2025-03-12T03:18:18" hostname="codespaces-b60aac" time="0.035">
  <properties/>
  <testcase name="testPostfixSingle" classname="a4.PostfixTest" time="0.003"/>
  <testcase name="testPostfixCombo" classname="a4.PostfixTest" time="0.008"/>
  <testcase name="testPostfixMinus" classname="a4.PostfixTest" time="0.007"/>
  <testcase name="testPostfixTimes" classname="a4.PostfixTest" time="0.004"/>
  <testcase name="testPostfixThrowsException" classname="a4.PostfixTest" time="0.0"/>
  <testcase name="testPostfixDiv" classname="a4.PostfixTest" time="0.004"/>
  <testcase name="testPostfixPlus" classname="a4.PostfixTest" time="0.007"/>
  <system-out><![CDATA[]]></system-out>
  <system-err><![CDATA[]]></system-err>
</testsuite>
